2023-01-16 10:53:07,923 [Worker-8: Loading available Gradle versions] INFO  o.e.b.c.i.u.g.PublishedGradleVersions - Gradle version information cache is out-of-date. Trying to update.
2023-01-16 10:59:11,105 [Worker-4: Loading available Gradle versions] INFO  o.e.b.c.i.u.g.PublishedGradleVersions - Gradle version information cache is up-to-date. Trying to read.
2023-01-16 11:07:25,147 [Worker-22: Creating project "com.said"] INFO  o.e.m.c.i.l.LifecycleMappingFactory - Using org.eclipse.m2e.jdt.JarLifecycleMapping lifecycle mapping for MavenProject: com.codeline:com.said:0.0.1-SNAPSHOT @ C:\Users\user002\eclipse-workspace\JsonIntoDataBase\com.said\pom.xml.
2023-01-16 11:07:25,807 [Worker-22: Creating project "com.said"] INFO  o.e.m.j.i.AbstractJavaProjectConfigurator - Adding source folder /com.said/src/main/java
2023-01-16 11:07:25,812 [Worker-22: Creating project "com.said"] INFO  o.e.m.j.i.AbstractJavaProjectConfigurator - Adding resource folder /com.said/src/main/resources
2023-01-16 11:07:25,813 [Worker-22: Creating project "com.said"] INFO  o.e.m.j.i.AbstractJavaProjectConfigurator - Adding source folder /com.said/src/test/java
2023-01-16 11:07:25,813 [Worker-22: Creating project "com.said"] INFO  o.e.m.j.i.AbstractJavaProjectConfigurator - Adding resource folder /com.said/src/test/resources
2023-01-16 11:07:26,095 [Worker-31: Building] WARN  o.e.m.c.i.embedder.EclipseLogger - Using platform encoding (Cp1252 actually) to copy filtered resources, i.e. build is platform dependent!
2023-01-16 11:07:26,101 [Worker-31: Building] INFO  o.e.m.c.i.embedder.EclipseLogger - Copying 0 resource
2023-01-16 11:07:26,104 [Worker-31: Building] WARN  o.e.m.c.i.embedder.EclipseLogger - Using platform encoding (Cp1252 actually) to copy filtered resources, i.e. build is platform dependent!
2023-01-16 11:07:26,105 [Worker-31: Building] INFO  o.e.m.c.i.embedder.EclipseLogger - Copying 0 resource
2023-01-16 11:07:59,236 [Worker-30: Building] INFO  o.e.m.c.i.l.LifecycleMappingFactory - Using org.eclipse.m2e.jdt.JarLifecycleMapping lifecycle mapping for MavenProject: com.said.api:mapi:0.0.1-SNAPSHOT @ C:\Users\user002\eclipse-workspace\JsonIntoDataBase\com.said\pom.xml.
2023-01-16 11:07:59,347 [Worker-30: Building] WARN  o.e.m.c.i.embedder.EclipseLogger - Using platform encoding (Cp1252 actually) to copy filtered resources, i.e. build is platform dependent!
2023-01-16 11:07:59,350 [Worker-30: Building] INFO  o.e.m.c.i.embedder.EclipseLogger - Copying 0 resource
2023-01-16 11:07:59,352 [Worker-30: Building] WARN  o.e.m.c.i.embedder.EclipseLogger - Using platform encoding (Cp1252 actually) to copy filtered resources, i.e. build is platform dependent!
2023-01-16 11:07:59,353 [Worker-30: Building] INFO  o.e.m.c.i.embedder.EclipseLogger - Copying 0 resource
2023-01-16 11:08:00,586 [Worker-30: Building] WARN  o.e.m.c.i.embedder.EclipseLogger - Using platform encoding (Cp1252 actually) to copy filtered resources, i.e. build is platform dependent!
2023-01-16 11:08:00,587 [Worker-30: Building] INFO  o.e.m.c.i.embedder.EclipseLogger - Copying 0 resource
2023-01-16 11:08:00,589 [Worker-30: Building] WARN  o.e.m.c.i.embedder.EclipseLogger - Using platform encoding (Cp1252 actually) to copy filtered resources, i.e. build is platform dependent!
2023-01-16 11:08:00,590 [Worker-30: Building] INFO  o.e.m.c.i.embedder.EclipseLogger - Copying 0 resource
2023-01-16 11:08:51,412 [Worker-29: Building] WARN  o.e.m.c.i.embedder.EclipseLogger - Using platform encoding (Cp1252 actually) to copy filtered resources, i.e. build is platform dependent!
2023-01-16 11:08:51,414 [Worker-29: Building] INFO  o.e.m.c.i.embedder.EclipseLogger - Copying 0 resource
2023-01-16 11:08:51,419 [Worker-29: Building] WARN  o.e.m.c.i.embedder.EclipseLogger - Using platform encoding (Cp1252 actually) to copy filtered resources, i.e. build is platform dependent!
2023-01-16 11:08:51,424 [Worker-29: Building] INFO  o.e.m.c.i.embedder.EclipseLogger - Copying 0 resource
2023-01-16 11:08:52,438 [Worker-22: Building] WARN  o.e.m.c.i.embedder.EclipseLogger - Using platform encoding (Cp1252 actually) to copy filtered resources, i.e. build is platform dependent!
2023-01-16 11:08:52,440 [Worker-22: Building] INFO  o.e.m.c.i.embedder.EclipseLogger - Copying 0 resource
2023-01-16 11:08:52,442 [Worker-22: Building] WARN  o.e.m.c.i.embedder.EclipseLogger - Using platform encoding (Cp1252 actually) to copy filtered resources, i.e. build is platform dependent!
2023-01-16 11:08:52,443 [Worker-22: Building] INFO  o.e.m.c.i.embedder.EclipseLogger - Copying 0 resource
2023-01-16 11:09:05,871 [Worker-30: Launching MainJson] WARN  o.e.m.c.i.embedder.EclipseLogger - Using platform encoding (Cp1252 actually) to copy filtered resources, i.e. build is platform dependent!
2023-01-16 11:09:05,875 [Worker-30: Launching MainJson] INFO  o.e.m.c.i.embedder.EclipseLogger - Copying 0 resource
2023-01-16 11:09:05,877 [Worker-30: Launching MainJson] WARN  o.e.m.c.i.embedder.EclipseLogger - Using platform encoding (Cp1252 actually) to copy filtered resources, i.e. build is platform dependent!
2023-01-16 11:09:05,879 [Worker-30: Launching MainJson] INFO  o.e.m.c.i.embedder.EclipseLogger - Copying 0 resource
2023-01-16 11:10:58,990 [Worker-34: Building] WARN  o.e.m.c.i.embedder.EclipseLogger - Using platform encoding (Cp1252 actually) to copy filtered resources, i.e. build is platform dependent!
2023-01-16 11:10:58,991 [Worker-34: Building] INFO  o.e.m.c.i.embedder.EclipseLogger - Copying 0 resource
2023-01-16 11:10:58,993 [Worker-34: Building] WARN  o.e.m.c.i.embedder.EclipseLogger - Using platform encoding (Cp1252 actually) to copy filtered resources, i.e. build is platform dependent!
2023-01-16 11:10:58,994 [Worker-34: Building] INFO  o.e.m.c.i.embedder.EclipseLogger - Copying 0 resource
2023-01-16 11:17:19,304 [Worker-37: Building] WARN  o.e.m.c.i.embedder.EclipseLogger - Using platform encoding (Cp1252 actually) to copy filtered resources, i.e. build is platform dependent!
2023-01-16 11:17:19,305 [Worker-37: Building] INFO  o.e.m.c.i.embedder.EclipseLogger - Copying 0 resource
2023-01-16 11:17:19,308 [Worker-37: Building] WARN  o.e.m.c.i.embedder.EclipseLogger - Using platform encoding (Cp1252 actually) to copy filtered resources, i.e. build is platform dependent!
2023-01-16 11:17:19,310 [Worker-37: Building] INFO  o.e.m.c.i.embedder.EclipseLogger - Copying 0 resource
2023-01-16 11:28:01,933 [Worker-38: Building] WARN  o.e.m.c.i.embedder.EclipseLogger - Using platform encoding (Cp1252 actually) to copy filtered resources, i.e. build is platform dependent!
2023-01-16 11:28:01,935 [Worker-38: Building] INFO  o.e.m.c.i.embedder.EclipseLogger - Copying 0 resource
2023-01-16 11:28:01,937 [Worker-38: Building] WARN  o.e.m.c.i.embedder.EclipseLogger - Using platform encoding (Cp1252 actually) to copy filtered resources, i.e. build is platform dependent!
2023-01-16 11:28:01,937 [Worker-38: Building] INFO  o.e.m.c.i.embedder.EclipseLogger - Copying 0 resource
2023-01-16 11:30:22,182 [Worker-40: Building] INFO  o.e.m.c.i.l.LifecycleMappingFactory - Using org.eclipse.m2e.jdt.JarLifecycleMapping lifecycle mapping for MavenProject: com.said.api:mapi:0.0.1-SNAPSHOT @ C:\Users\user002\eclipse-workspace\JsonIntoDataBase\com.said\pom.xml.
2023-01-16 11:30:22,262 [Worker-40: Building] WARN  o.e.m.c.i.embedder.EclipseLogger - Using platform encoding (Cp1252 actually) to copy filtered resources, i.e. build is platform dependent!
2023-01-16 11:30:22,264 [Worker-40: Building] INFO  o.e.m.c.i.embedder.EclipseLogger - Copying 0 resource
2023-01-16 11:30:22,267 [Worker-40: Building] WARN  o.e.m.c.i.embedder.EclipseLogger - Using platform encoding (Cp1252 actually) to copy filtered resources, i.e. build is platform dependent!
2023-01-16 11:30:22,268 [Worker-40: Building] INFO  o.e.m.c.i.embedder.EclipseLogger - Copying 0 resource
2023-01-16 11:44:46,271 [Worker-43: Building] WARN  o.e.m.c.i.embedder.EclipseLogger - Using platform encoding (Cp1252 actually) to copy filtered resources, i.e. build is platform dependent!
2023-01-16 11:44:46,272 [Worker-43: Building] INFO  o.e.m.c.i.embedder.EclipseLogger - Copying 0 resource
2023-01-16 11:44:46,274 [Worker-43: Building] WARN  o.e.m.c.i.embedder.EclipseLogger - Using platform encoding (Cp1252 actually) to copy filtered resources, i.e. build is platform dependent!
2023-01-16 11:44:46,275 [Worker-43: Building] INFO  o.e.m.c.i.embedder.EclipseLogger - Copying 0 resource
2023-01-16 11:47:54,662 [Worker-38: Launching MainJson] WARN  o.e.m.c.i.embedder.EclipseLogger - Using platform encoding (Cp1252 actually) to copy filtered resources, i.e. build is platform dependent!
2023-01-16 11:47:54,664 [Worker-38: Launching MainJson] INFO  o.e.m.c.i.embedder.EclipseLogger - Copying 0 resource
2023-01-16 11:47:54,666 [Worker-38: Launching MainJson] WARN  o.e.m.c.i.embedder.EclipseLogger - Using platform encoding (Cp1252 actually) to copy filtered resources, i.e. build is platform dependent!
2023-01-16 11:47:54,667 [Worker-38: Launching MainJson] INFO  o.e.m.c.i.embedder.EclipseLogger - Copying 0 resource
2023-01-16 11:48:18,199 [Worker-43: Launching MainJson] WARN  o.e.m.c.i.embedder.EclipseLogger - Using platform encoding (Cp1252 actually) to copy filtered resources, i.e. build is platform dependent!
2023-01-16 11:48:18,200 [Worker-43: Launching MainJson] INFO  o.e.m.c.i.embedder.EclipseLogger - Copying 0 resource
2023-01-16 11:48:18,202 [Worker-43: Launching MainJson] WARN  o.e.m.c.i.embedder.EclipseLogger - Using platform encoding (Cp1252 actually) to copy filtered resources, i.e. build is platform dependent!
2023-01-16 11:48:18,204 [Worker-43: Launching MainJson] INFO  o.e.m.c.i.embedder.EclipseLogger - Copying 0 resource
2023-01-16 11:50:18,549 [Worker-38: Launching MainJson] WARN  o.e.m.c.i.embedder.EclipseLogger - Using platform encoding (Cp1252 actually) to copy filtered resources, i.e. build is platform dependent!
2023-01-16 11:50:18,550 [Worker-38: Launching MainJson] INFO  o.e.m.c.i.embedder.EclipseLogger - Copying 0 resource
2023-01-16 11:50:18,553 [Worker-38: Launching MainJson] WARN  o.e.m.c.i.embedder.EclipseLogger - Using platform encoding (Cp1252 actually) to copy filtered resources, i.e. build is platform dependent!
2023-01-16 11:50:18,556 [Worker-38: Launching MainJson] INFO  o.e.m.c.i.embedder.EclipseLogger - Copying 0 resource
2023-01-16 11:58:30,608 [Worker-46: Launching MainJson] WARN  o.e.m.c.i.embedder.EclipseLogger - Using platform encoding (Cp1252 actually) to copy filtered resources, i.e. build is platform dependent!
2023-01-16 11:58:30,611 [Worker-46: Launching MainJson] INFO  o.e.m.c.i.embedder.EclipseLogger - Copying 0 resource
2023-01-16 11:58:30,613 [Worker-46: Launching MainJson] WARN  o.e.m.c.i.embedder.EclipseLogger - Using platform encoding (Cp1252 actually) to copy filtered resources, i.e. build is platform dependent!
2023-01-16 11:58:30,614 [Worker-46: Launching MainJson] INFO  o.e.m.c.i.embedder.EclipseLogger - Copying 0 resource
2023-01-16 11:59:23,218 [Worker-46: Launching MainJson] WARN  o.e.m.c.i.embedder.EclipseLogger - Using platform encoding (Cp1252 actually) to copy filtered resources, i.e. build is platform dependent!
2023-01-16 11:59:23,220 [Worker-46: Launching MainJson] INFO  o.e.m.c.i.embedder.EclipseLogger - Copying 0 resource
2023-01-16 11:59:23,225 [Worker-46: Launching MainJson] WARN  o.e.m.c.i.embedder.EclipseLogger - Using platform encoding (Cp1252 actually) to copy filtered resources, i.e. build is platform dependent!
2023-01-16 11:59:23,227 [Worker-46: Launching MainJson] INFO  o.e.m.c.i.embedder.EclipseLogger - Copying 0 resource
2023-01-16 12:00:02,407 [Worker-39: Launching MainJson] WARN  o.e.m.c.i.embedder.EclipseLogger - Using platform encoding (Cp1252 actually) to copy filtered resources, i.e. build is platform dependent!
2023-01-16 12:00:02,409 [Worker-39: Launching MainJson] INFO  o.e.m.c.i.embedder.EclipseLogger - Copying 0 resource
2023-01-16 12:00:02,411 [Worker-39: Launching MainJson] WARN  o.e.m.c.i.embedder.EclipseLogger - Using platform encoding (Cp1252 actually) to copy filtered resources, i.e. build is platform dependent!
2023-01-16 12:00:02,413 [Worker-39: Launching MainJson] INFO  o.e.m.c.i.embedder.EclipseLogger - Copying 0 resource
2023-01-16 12:06:15,331 [Worker-50: Launching MainJson] WARN  o.e.m.c.i.embedder.EclipseLogger - Using platform encoding (Cp1252 actually) to copy filtered resources, i.e. build is platform dependent!
2023-01-16 12:06:15,333 [Worker-50: Launching MainJson] INFO  o.e.m.c.i.embedder.EclipseLogger - Copying 0 resource
2023-01-16 12:06:15,335 [Worker-50: Launching MainJson] WARN  o.e.m.c.i.embedder.EclipseLogger - Using platform encoding (Cp1252 actually) to copy filtered resources, i.e. build is platform dependent!
2023-01-16 12:06:15,336 [Worker-50: Launching MainJson] INFO  o.e.m.c.i.embedder.EclipseLogger - Copying 0 resource
2023-01-16 12:06:45,603 [Worker-39: Launching MainJson] WARN  o.e.m.c.i.embedder.EclipseLogger - Using platform encoding (Cp1252 actually) to copy filtered resources, i.e. build is platform dependent!
2023-01-16 12:06:45,605 [Worker-39: Launching MainJson] INFO  o.e.m.c.i.embedder.EclipseLogger - Copying 0 resource
2023-01-16 12:06:45,608 [Worker-39: Launching MainJson] WARN  o.e.m.c.i.embedder.EclipseLogger - Using platform encoding (Cp1252 actually) to copy filtered resources, i.e. build is platform dependent!
2023-01-16 12:06:45,609 [Worker-39: Launching MainJson] INFO  o.e.m.c.i.embedder.EclipseLogger - Copying 0 resource
2023-01-16 12:07:37,783 [Worker-52: Launching MainJson] WARN  o.e.m.c.i.embedder.EclipseLogger - Using platform encoding (Cp1252 actually) to copy filtered resources, i.e. build is platform dependent!
2023-01-16 12:07:37,785 [Worker-52: Launching MainJson] INFO  o.e.m.c.i.embedder.EclipseLogger - Copying 0 resource
2023-01-16 12:07:37,787 [Worker-52: Launching MainJson] WARN  o.e.m.c.i.embedder.EclipseLogger - Using platform encoding (Cp1252 actually) to copy filtered resources, i.e. build is platform dependent!
2023-01-16 12:07:37,788 [Worker-52: Launching MainJson] INFO  o.e.m.c.i.embedder.EclipseLogger - Copying 0 resource
2023-01-16 12:08:29,781 [Worker-39: Launching MainJson] WARN  o.e.m.c.i.embedder.EclipseLogger - Using platform encoding (Cp1252 actually) to copy filtered resources, i.e. build is platform dependent!
2023-01-16 12:08:29,783 [Worker-39: Launching MainJson] INFO  o.e.m.c.i.embedder.EclipseLogger - Copying 0 resource
2023-01-16 12:08:29,785 [Worker-39: Launching MainJson] WARN  o.e.m.c.i.embedder.EclipseLogger - Using platform encoding (Cp1252 actually) to copy filtered resources, i.e. build is platform dependent!
2023-01-16 12:08:29,786 [Worker-39: Launching MainJson] INFO  o.e.m.c.i.embedder.EclipseLogger - Copying 0 resource
2023-01-16 12:20:30,399 [Worker-47: Launching MainJson] WARN  o.e.m.c.i.embedder.EclipseLogger - Using platform encoding (Cp1252 actually) to copy filtered resources, i.e. build is platform dependent!
2023-01-16 12:20:30,400 [Worker-47: Launching MainJson] INFO  o.e.m.c.i.embedder.EclipseLogger - Copying 0 resource
2023-01-16 12:20:30,403 [Worker-47: Launching MainJson] WARN  o.e.m.c.i.embedder.EclipseLogger - Using platform encoding (Cp1252 actually) to copy filtered resources, i.e. build is platform dependent!
2023-01-16 12:20:30,405 [Worker-47: Launching MainJson] INFO  o.e.m.c.i.embedder.EclipseLogger - Copying 0 resource
2023-01-16 12:23:01,158 [Worker-57: Launching MainJson] WARN  o.e.m.c.i.embedder.EclipseLogger - Using platform encoding (Cp1252 actually) to copy filtered resources, i.e. build is platform dependent!
2023-01-16 12:23:01,161 [Worker-57: Launching MainJson] INFO  o.e.m.c.i.embedder.EclipseLogger - Copying 0 resource
2023-01-16 12:23:01,163 [Worker-57: Launching MainJson] WARN  o.e.m.c.i.embedder.EclipseLogger - Using platform encoding (Cp1252 actually) to copy filtered resources, i.e. build is platform dependent!
2023-01-16 12:23:01,165 [Worker-57: Launching MainJson] INFO  o.e.m.c.i.embedder.EclipseLogger - Copying 0 resource
2023-01-16 12:26:51,095 [Worker-57: Launching MainJson] WARN  o.e.m.c.i.embedder.EclipseLogger - Using platform encoding (Cp1252 actually) to copy filtered resources, i.e. build is platform dependent!
2023-01-16 12:26:51,097 [Worker-57: Launching MainJson] INFO  o.e.m.c.i.embedder.EclipseLogger - Copying 0 resource
2023-01-16 12:26:51,099 [Worker-57: Launching MainJson] WARN  o.e.m.c.i.embedder.EclipseLogger - Using platform encoding (Cp1252 actually) to copy filtered resources, i.e. build is platform dependent!
2023-01-16 12:26:51,101 [Worker-57: Launching MainJson] INFO  o.e.m.c.i.embedder.EclipseLogger - Copying 0 resource
2023-01-16 12:28:47,888 [Worker-63: Launching MainJson] WARN  o.e.m.c.i.embedder.EclipseLogger - Using platform encoding (Cp1252 actually) to copy filtered resources, i.e. build is platform dependent!
2023-01-16 12:28:47,888 [Worker-63: Launching MainJson] INFO  o.e.m.c.i.embedder.EclipseLogger - Copying 0 resource
2023-01-16 12:28:47,888 [Worker-63: Launching MainJson] WARN  o.e.m.c.i.embedder.EclipseLogger - Using platform encoding (Cp1252 actually) to copy filtered resources, i.e. build is platform dependent!
2023-01-16 12:28:47,900 [Worker-63: Launching MainJson] INFO  o.e.m.c.i.embedder.EclipseLogger - Copying 0 resource
2023-01-16 12:34:16,144 [Worker-66: Launching MainJson] WARN  o.e.m.c.i.embedder.EclipseLogger - Using platform encoding (Cp1252 actually) to copy filtered resources, i.e. build is platform dependent!
2023-01-16 12:34:16,146 [Worker-66: Launching MainJson] INFO  o.e.m.c.i.embedder.EclipseLogger - Copying 0 resource
2023-01-16 12:34:16,149 [Worker-66: Launching MainJson] WARN  o.e.m.c.i.embedder.EclipseLogger - Using platform encoding (Cp1252 actually) to copy filtered resources, i.e. build is platform dependent!
2023-01-16 12:34:16,151 [Worker-66: Launching MainJson] INFO  o.e.m.c.i.embedder.EclipseLogger - Copying 0 resource
2023-01-16 12:35:11,596 [Worker-66: Launching MainJson] WARN  o.e.m.c.i.embedder.EclipseLogger - Using platform encoding (Cp1252 actually) to copy filtered resources, i.e. build is platform dependent!
2023-01-16 12:35:11,598 [Worker-66: Launching MainJson] INFO  o.e.m.c.i.embedder.EclipseLogger - Copying 0 resource
2023-01-16 12:35:11,600 [Worker-66: Launching MainJson] WARN  o.e.m.c.i.embedder.EclipseLogger - Using platform encoding (Cp1252 actually) to copy filtered resources, i.e. build is platform dependent!
2023-01-16 12:35:11,601 [Worker-66: Launching MainJson] INFO  o.e.m.c.i.embedder.EclipseLogger - Copying 0 resource
2023-01-16 12:37:38,776 [Worker-65: Launching MainJson] WARN  o.e.m.c.i.embedder.EclipseLogger - Using platform encoding (Cp1252 actually) to copy filtered resources, i.e. build is platform dependent!
2023-01-16 12:37:38,779 [Worker-65: Launching MainJson] INFO  o.e.m.c.i.embedder.EclipseLogger - Copying 0 resource
2023-01-16 12:37:38,782 [Worker-65: Launching MainJson] WARN  o.e.m.c.i.embedder.EclipseLogger - Using platform encoding (Cp1252 actually) to copy filtered resources, i.e. build is platform dependent!
2023-01-16 12:37:38,783 [Worker-65: Launching MainJson] INFO  o.e.m.c.i.embedder.EclipseLogger - Copying 0 resource
2023-01-16 12:42:03,671 [Worker-69: Launching MainJson] WARN  o.e.m.c.i.embedder.EclipseLogger - Using platform encoding (Cp1252 actually) to copy filtered resources, i.e. build is platform dependent!
2023-01-16 12:42:03,673 [Worker-69: Launching MainJson] INFO  o.e.m.c.i.embedder.EclipseLogger - Copying 0 resource
2023-01-16 12:42:03,675 [Worker-69: Launching MainJson] WARN  o.e.m.c.i.embedder.EclipseLogger - Using platform encoding (Cp1252 actually) to copy filtered resources, i.e. build is platform dependent!
2023-01-16 12:42:03,676 [Worker-69: Launching MainJson] INFO  o.e.m.c.i.embedder.EclipseLogger - Copying 0 resource
2023-01-16 12:42:33,905 [Worker-71: Launching MainJson] WARN  o.e.m.c.i.embedder.EclipseLogger - Using platform encoding (Cp1252 actually) to copy filtered resources, i.e. build is platform dependent!
2023-01-16 12:42:33,907 [Worker-71: Launching MainJson] INFO  o.e.m.c.i.embedder.EclipseLogger - Copying 0 resource
2023-01-16 12:42:33,909 [Worker-71: Launching MainJson] WARN  o.e.m.c.i.embedder.EclipseLogger - Using platform encoding (Cp1252 actually) to copy filtered resources, i.e. build is platform dependent!
2023-01-16 12:42:33,912 [Worker-71: Launching MainJson] INFO  o.e.m.c.i.embedder.EclipseLogger - Copying 0 resource
2023-01-16 12:45:53,639 [Worker-70: Launching MainJson] WARN  o.e.m.c.i.embedder.EclipseLogger - Using platform encoding (Cp1252 actually) to copy filtered resources, i.e. build is platform dependent!
2023-01-16 12:45:53,641 [Worker-70: Launching MainJson] INFO  o.e.m.c.i.embedder.EclipseLogger - Copying 0 resource
2023-01-16 12:45:53,643 [Worker-70: Launching MainJson] WARN  o.e.m.c.i.embedder.EclipseLogger - Using platform encoding (Cp1252 actually) to copy filtered resources, i.e. build is platform dependent!
2023-01-16 12:45:53,644 [Worker-70: Launching MainJson] INFO  o.e.m.c.i.embedder.EclipseLogger - Copying 0 resource
2023-01-16 13:53:41,639 [Worker-76: Launching MainJson] WARN  o.e.m.c.i.embedder.EclipseLogger - Using platform encoding (Cp1252 actually) to copy filtered resources, i.e. build is platform dependent!
2023-01-16 13:53:41,641 [Worker-76: Launching MainJson] INFO  o.e.m.c.i.embedder.EclipseLogger - Copying 0 resource
2023-01-16 13:53:41,643 [Worker-76: Launching MainJson] WARN  o.e.m.c.i.embedder.EclipseLogger - Using platform encoding (Cp1252 actually) to copy filtered resources, i.e. build is platform dependent!
2023-01-16 13:53:41,645 [Worker-76: Launching MainJson] INFO  o.e.m.c.i.embedder.EclipseLogger - Copying 0 resource
2023-01-16 13:55:37,134 [Worker-77: Launching MainJson] WARN  o.e.m.c.i.embedder.EclipseLogger - Using platform encoding (Cp1252 actually) to copy filtered resources, i.e. build is platform dependent!
2023-01-16 13:55:37,135 [Worker-77: Launching MainJson] INFO  o.e.m.c.i.embedder.EclipseLogger - Copying 0 resource
2023-01-16 13:55:37,137 [Worker-77: Launching MainJson] WARN  o.e.m.c.i.embedder.EclipseLogger - Using platform encoding (Cp1252 actually) to copy filtered resources, i.e. build is platform dependent!
2023-01-16 13:55:37,137 [Worker-77: Launching MainJson] INFO  o.e.m.c.i.embedder.EclipseLogger - Copying 0 resource
2023-01-16 14:03:24,883 [Worker-84: Launching MainJson] WARN  o.e.m.c.i.embedder.EclipseLogger - Using platform encoding (Cp1252 actually) to copy filtered resources, i.e. build is platform dependent!
2023-01-16 14:03:24,884 [Worker-84: Launching MainJson] INFO  o.e.m.c.i.embedder.EclipseLogger - Copying 0 resource
2023-01-16 14:03:24,885 [Worker-84: Launching MainJson] WARN  o.e.m.c.i.embedder.EclipseLogger - Using platform encoding (Cp1252 actually) to copy filtered resources, i.e. build is platform dependent!
2023-01-16 14:03:24,886 [Worker-84: Launching MainJson] INFO  o.e.m.c.i.embedder.EclipseLogger - Copying 0 resource
2023-01-16 14:07:09,486 [Worker-77: Launching MainJson] WARN  o.e.m.c.i.embedder.EclipseLogger - Using platform encoding (Cp1252 actually) to copy filtered resources, i.e. build is platform dependent!
2023-01-16 14:07:09,487 [Worker-77: Launching MainJson] INFO  o.e.m.c.i.embedder.EclipseLogger - Copying 0 resource
2023-01-16 14:07:09,488 [Worker-77: Launching MainJson] WARN  o.e.m.c.i.embedder.EclipseLogger - Using platform encoding (Cp1252 actually) to copy filtered resources, i.e. build is platform dependent!
2023-01-16 14:07:09,489 [Worker-77: Launching MainJson] INFO  o.e.m.c.i.embedder.EclipseLogger - Copying 0 resource
2023-01-16 14:09:13,320 [Worker-89: Launching MainJson] WARN  o.e.m.c.i.embedder.EclipseLogger - Using platform encoding (Cp1252 actually) to copy filtered resources, i.e. build is platform dependent!
2023-01-16 14:09:13,320 [Worker-89: Launching MainJson] INFO  o.e.m.c.i.embedder.EclipseLogger - Copying 0 resource
2023-01-16 14:09:13,322 [Worker-89: Launching MainJson] WARN  o.e.m.c.i.embedder.EclipseLogger - Using platform encoding (Cp1252 actually) to copy filtered resources, i.e. build is platform dependent!
2023-01-16 14:09:13,323 [Worker-89: Launching MainJson] INFO  o.e.m.c.i.embedder.EclipseLogger - Copying 0 resource
2023-01-16 14:10:03,935 [Worker-91: Launching MainJson] WARN  o.e.m.c.i.embedder.EclipseLogger - Using platform encoding (Cp1252 actually) to copy filtered resources, i.e. build is platform dependent!
2023-01-16 14:10:03,935 [Worker-91: Launching MainJson] INFO  o.e.m.c.i.embedder.EclipseLogger - Copying 0 resource
2023-01-16 14:10:03,950 [Worker-91: Launching MainJson] WARN  o.e.m.c.i.embedder.EclipseLogger - Using platform encoding (Cp1252 actually) to copy filtered resources, i.e. build is platform dependent!
2023-01-16 14:10:03,950 [Worker-91: Launching MainJson] INFO  o.e.m.c.i.embedder.EclipseLogger - Copying 0 resource
2023-01-16 14:22:40,176 [Worker-93: Launching MainJson] WARN  o.e.m.c.i.embedder.EclipseLogger - Using platform encoding (Cp1252 actually) to copy filtered resources, i.e. build is platform dependent!
2023-01-16 14:22:40,177 [Worker-93: Launching MainJson] INFO  o.e.m.c.i.embedder.EclipseLogger - Copying 0 resource
2023-01-16 14:22:40,179 [Worker-93: Launching MainJson] WARN  o.e.m.c.i.embedder.EclipseLogger - Using platform encoding (Cp1252 actually) to copy filtered resources, i.e. build is platform dependent!
2023-01-16 14:22:40,180 [Worker-93: Launching MainJson] INFO  o.e.m.c.i.embedder.EclipseLogger - Copying 0 resource
2023-01-16 14:25:18,199 [Worker-77: Launching MainJson] WARN  o.e.m.c.i.embedder.EclipseLogger - Using platform encoding (Cp1252 actually) to copy filtered resources, i.e. build is platform dependent!
2023-01-16 14:25:18,199 [Worker-77: Launching MainJson] INFO  o.e.m.c.i.embedder.EclipseLogger - Copying 0 resource
2023-01-16 14:25:18,199 [Worker-77: Launching MainJson] WARN  o.e.m.c.i.embedder.EclipseLogger - Using platform encoding (Cp1252 actually) to copy filtered resources, i.e. build is platform dependent!
2023-01-16 14:25:18,199 [Worker-77: Launching MainJson] INFO  o.e.m.c.i.embedder.EclipseLogger - Copying 0 resource
2023-01-16 14:37:42,323 [Worker-100: Launching MainJson] WARN  o.e.m.c.i.embedder.EclipseLogger - Using platform encoding (Cp1252 actually) to copy filtered resources, i.e. build is platform dependent!
2023-01-16 14:37:42,324 [Worker-100: Launching MainJson] INFO  o.e.m.c.i.embedder.EclipseLogger - Copying 0 resource
2023-01-16 14:37:42,325 [Worker-100: Launching MainJson] WARN  o.e.m.c.i.embedder.EclipseLogger - Using platform encoding (Cp1252 actually) to copy filtered resources, i.e. build is platform dependent!
2023-01-16 14:37:42,326 [Worker-100: Launching MainJson] INFO  o.e.m.c.i.embedder.EclipseLogger - Copying 0 resource
2023-01-16 14:37:53,262 [Worker-100: Launching MainJson] WARN  o.e.m.c.i.embedder.EclipseLogger - Using platform encoding (Cp1252 actually) to copy filtered resources, i.e. build is platform dependent!
2023-01-16 14:37:53,263 [Worker-100: Launching MainJson] INFO  o.e.m.c.i.embedder.EclipseLogger - Copying 0 resource
2023-01-16 14:37:53,264 [Worker-100: Launching MainJson] WARN  o.e.m.c.i.embedder.EclipseLogger - Using platform encoding (Cp1252 actually) to copy filtered resources, i.e. build is platform dependent!
2023-01-16 14:37:53,265 [Worker-100: Launching MainJson] INFO  o.e.m.c.i.embedder.EclipseLogger - Copying 0 resource
2023-01-16 14:40:57,920 [Worker-105: Launching MainJson] WARN  o.e.m.c.i.embedder.EclipseLogger - Using platform encoding (Cp1252 actually) to copy filtered resources, i.e. build is platform dependent!
2023-01-16 14:40:57,921 [Worker-105: Launching MainJson] INFO  o.e.m.c.i.embedder.EclipseLogger - Copying 0 resource
2023-01-16 14:40:57,922 [Worker-105: Launching MainJson] WARN  o.e.m.c.i.embedder.EclipseLogger - Using platform encoding (Cp1252 actually) to copy filtered resources, i.e. build is platform dependent!
2023-01-16 14:40:57,923 [Worker-105: Launching MainJson] INFO  o.e.m.c.i.embedder.EclipseLogger - Copying 0 resource
2023-01-16 14:42:30,076 [Worker-107: Launching MainJson] WARN  o.e.m.c.i.embedder.EclipseLogger - Using platform encoding (Cp1252 actually) to copy filtered resources, i.e. build is platform dependent!
2023-01-16 14:42:30,077 [Worker-107: Launching MainJson] INFO  o.e.m.c.i.embedder.EclipseLogger - Copying 0 resource
2023-01-16 14:42:30,078 [Worker-107: Launching MainJson] WARN  o.e.m.c.i.embedder.EclipseLogger - Using platform encoding (Cp1252 actually) to copy filtered resources, i.e. build is platform dependent!
2023-01-16 14:42:30,079 [Worker-107: Launching MainJson] INFO  o.e.m.c.i.embedder.EclipseLogger - Copying 0 resource
2023-01-16 14:43:07,041 [Worker-106: Launching MainJson] WARN  o.e.m.c.i.embedder.EclipseLogger - Using platform encoding (Cp1252 actually) to copy filtered resources, i.e. build is platform dependent!
2023-01-16 14:43:07,042 [Worker-106: Launching MainJson] INFO  o.e.m.c.i.embedder.EclipseLogger - Copying 0 resource
2023-01-16 14:43:07,043 [Worker-106: Launching MainJson] WARN  o.e.m.c.i.embedder.EclipseLogger - Using platform encoding (Cp1252 actually) to copy filtered resources, i.e. build is platform dependent!
2023-01-16 14:43:07,043 [Worker-106: Launching MainJson] INFO  o.e.m.c.i.embedder.EclipseLogger - Copying 0 resource
2023-01-16 14:47:37,158 [Worker-106: Launching MainJson] WARN  o.e.m.c.i.embedder.EclipseLogger - Using platform encoding (Cp1252 actually) to copy filtered resources, i.e. build is platform dependent!
2023-01-16 14:47:37,159 [Worker-106: Launching MainJson] INFO  o.e.m.c.i.embedder.EclipseLogger - Copying 0 resource
2023-01-16 14:47:37,161 [Worker-106: Launching MainJson] WARN  o.e.m.c.i.embedder.EclipseLogger - Using platform encoding (Cp1252 actually) to copy filtered resources, i.e. build is platform dependent!
2023-01-16 14:47:37,161 [Worker-106: Launching MainJson] INFO  o.e.m.c.i.embedder.EclipseLogger - Copying 0 resource
2023-01-16 14:48:33,616 [Worker-106: Launching MainJson] WARN  o.e.m.c.i.embedder.EclipseLogger - Using platform encoding (Cp1252 actually) to copy filtered resources, i.e. build is platform dependent!
2023-01-16 14:48:33,617 [Worker-106: Launching MainJson] INFO  o.e.m.c.i.embedder.EclipseLogger - Copying 0 resource
2023-01-16 14:48:33,620 [Worker-106: Launching MainJson] WARN  o.e.m.c.i.embedder.EclipseLogger - Using platform encoding (Cp1252 actually) to copy filtered resources, i.e. build is platform dependent!
2023-01-16 14:48:33,620 [Worker-106: Launching MainJson] INFO  o.e.m.c.i.embedder.EclipseLogger - Copying 0 resource
2023-01-16 14:59:25,208 [Worker-103: Launching MainJson] WARN  o.e.m.c.i.embedder.EclipseLogger - Using platform encoding (Cp1252 actually) to copy filtered resources, i.e. build is platform dependent!
2023-01-16 14:59:25,209 [Worker-103: Launching MainJson] INFO  o.e.m.c.i.embedder.EclipseLogger - Copying 0 resource
2023-01-16 14:59:25,210 [Worker-103: Launching MainJson] WARN  o.e.m.c.i.embedder.EclipseLogger - Using platform encoding (Cp1252 actually) to copy filtered resources, i.e. build is platform dependent!
2023-01-16 14:59:25,211 [Worker-103: Launching MainJson] INFO  o.e.m.c.i.embedder.EclipseLogger - Copying 0 resource
2023-01-16 15:00:37,072 [Worker-112: Launching MainJson] WARN  o.e.m.c.i.embedder.EclipseLogger - Using platform encoding (Cp1252 actually) to copy filtered resources, i.e. build is platform dependent!
2023-01-16 15:00:37,073 [Worker-112: Launching MainJson] INFO  o.e.m.c.i.embedder.EclipseLogger - Copying 0 resource
2023-01-16 15:00:37,074 [Worker-112: Launching MainJson] WARN  o.e.m.c.i.embedder.EclipseLogger - Using platform encoding (Cp1252 actually) to copy filtered resources, i.e. build is platform dependent!
2023-01-16 15:00:37,075 [Worker-112: Launching MainJson] INFO  o.e.m.c.i.embedder.EclipseLogger - Copying 0 resource
2023-01-16 15:01:11,038 [Worker-113: Launching MainJson] WARN  o.e.m.c.i.embedder.EclipseLogger - Using platform encoding (Cp1252 actually) to copy filtered resources, i.e. build is platform dependent!
2023-01-16 15:01:11,039 [Worker-113: Launching MainJson] INFO  o.e.m.c.i.embedder.EclipseLogger - Copying 0 resource
2023-01-16 15:01:11,040 [Worker-113: Launching MainJson] WARN  o.e.m.c.i.embedder.EclipseLogger - Using platform encoding (Cp1252 actually) to copy filtered resources, i.e. build is platform dependent!
2023-01-16 15:01:11,041 [Worker-113: Launching MainJson] INFO  o.e.m.c.i.embedder.EclipseLogger - Copying 0 resource
2023-01-16 15:02:56,871 [Worker-116: Launching MainJson] WARN  o.e.m.c.i.embedder.EclipseLogger - Using platform encoding (Cp1252 actually) to copy filtered resources, i.e. build is platform dependent!
2023-01-16 15:02:56,872 [Worker-116: Launching MainJson] INFO  o.e.m.c.i.embedder.EclipseLogger - Copying 0 resource
2023-01-16 15:02:56,873 [Worker-116: Launching MainJson] WARN  o.e.m.c.i.embedder.EclipseLogger - Using platform encoding (Cp1252 actually) to copy filtered resources, i.e. build is platform dependent!
2023-01-16 15:02:56,873 [Worker-116: Launching MainJson] INFO  o.e.m.c.i.embedder.EclipseLogger - Copying 0 resource
2023-01-16 15:05:42,796 [Worker-113: Launching MainJson] WARN  o.e.m.c.i.embedder.EclipseLogger - Using platform encoding (Cp1252 actually) to copy filtered resources, i.e. build is platform dependent!
2023-01-16 15:05:42,797 [Worker-113: Launching MainJson] INFO  o.e.m.c.i.embedder.EclipseLogger - Copying 0 resource
2023-01-16 15:05:42,798 [Worker-113: Launching MainJson] WARN  o.e.m.c.i.embedder.EclipseLogger - Using platform encoding (Cp1252 actually) to copy filtered resources, i.e. build is platform dependent!
2023-01-16 15:05:42,799 [Worker-113: Launching MainJson] INFO  o.e.m.c.i.embedder.EclipseLogger - Copying 0 resource
2023-01-16 15:24:12,202 [Worker-113: Launching MainJson] WARN  o.e.m.c.i.embedder.EclipseLogger - Using platform encoding (Cp1252 actually) to copy filtered resources, i.e. build is platform dependent!
2023-01-16 15:24:12,203 [Worker-113: Launching MainJson] INFO  o.e.m.c.i.embedder.EclipseLogger - Copying 0 resource
2023-01-16 15:24:12,204 [Worker-113: Launching MainJson] WARN  o.e.m.c.i.embedder.EclipseLogger - Using platform encoding (Cp1252 actually) to copy filtered resources, i.e. build is platform dependent!
2023-01-16 15:24:12,204 [Worker-113: Launching MainJson] INFO  o.e.m.c.i.embedder.EclipseLogger - Copying 0 resource
2023-01-16 15:24:27,601 [Worker-119: Launching MainJson] WARN  o.e.m.c.i.embedder.EclipseLogger - Using platform encoding (Cp1252 actually) to copy filtered resources, i.e. build is platform dependent!
2023-01-16 15:24:27,602 [Worker-119: Launching MainJson] INFO  o.e.m.c.i.embedder.EclipseLogger - Copying 0 resource
2023-01-16 15:24:27,604 [Worker-119: Launching MainJson] WARN  o.e.m.c.i.embedder.EclipseLogger - Using platform encoding (Cp1252 actually) to copy filtered resources, i.e. build is platform dependent!
2023-01-16 15:24:27,605 [Worker-119: Launching MainJson] INFO  o.e.m.c.i.embedder.EclipseLogger - Copying 0 resource
2023-01-16 15:26:56,330 [Worker-113: Launching MainJson] WARN  o.e.m.c.i.embedder.EclipseLogger - Using platform encoding (Cp1252 actually) to copy filtered resources, i.e. build is platform dependent!
2023-01-16 15:26:56,331 [Worker-113: Launching MainJson] INFO  o.e.m.c.i.embedder.EclipseLogger - Copying 0 resource
2023-01-16 15:26:56,332 [Worker-113: Launching MainJson] WARN  o.e.m.c.i.embedder.EclipseLogger - Using platform encoding (Cp1252 actually) to copy filtered resources, i.e. build is platform dependent!
2023-01-16 15:26:56,333 [Worker-113: Launching MainJson] INFO  o.e.m.c.i.embedder.EclipseLogger - Copying 0 resource
2023-01-16 15:31:00,822 [Worker-123: Launching MainJson] WARN  o.e.m.c.i.embedder.EclipseLogger - Using platform encoding (Cp1252 actually) to copy filtered resources, i.e. build is platform dependent!
2023-01-16 15:31:00,824 [Worker-123: Launching MainJson] INFO  o.e.m.c.i.embedder.EclipseLogger - Copying 0 resource
2023-01-16 15:31:00,826 [Worker-123: Launching MainJson] WARN  o.e.m.c.i.embedder.EclipseLogger - Using platform encoding (Cp1252 actually) to copy filtered resources, i.e. build is platform dependent!
2023-01-16 15:31:00,827 [Worker-123: Launching MainJson] INFO  o.e.m.c.i.embedder.EclipseLogger - Copying 0 resource
2023-01-16 15:31:22,943 [Worker-123: Launching MainJson] WARN  o.e.m.c.i.embedder.EclipseLogger - Using platform encoding (Cp1252 actually) to copy filtered resources, i.e. build is platform dependent!
2023-01-16 15:31:22,944 [Worker-123: Launching MainJson] INFO  o.e.m.c.i.embedder.EclipseLogger - Copying 0 resource
2023-01-16 15:31:22,944 [Worker-123: Launching MainJson] WARN  o.e.m.c.i.embedder.EclipseLogger - Using platform encoding (Cp1252 actually) to copy filtered resources, i.e. build is platform dependent!
2023-01-16 15:31:22,946 [Worker-123: Launching MainJson] INFO  o.e.m.c.i.embedder.EclipseLogger - Copying 0 resource
2023-01-16 15:32:46,614 [Worker-126: Launching MainJson] WARN  o.e.m.c.i.embedder.EclipseLogger - Using platform encoding (Cp1252 actually) to copy filtered resources, i.e. build is platform dependent!
2023-01-16 15:32:46,615 [Worker-126: Launching MainJson] INFO  o.e.m.c.i.embedder.EclipseLogger - Copying 0 resource
2023-01-16 15:32:46,617 [Worker-126: Launching MainJson] WARN  o.e.m.c.i.embedder.EclipseLogger - Using platform encoding (Cp1252 actually) to copy filtered resources, i.e. build is platform dependent!
2023-01-16 15:32:46,618 [Worker-126: Launching MainJson] INFO  o.e.m.c.i.embedder.EclipseLogger - Copying 0 resource
2023-01-16 15:33:27,976 [Worker-130: Launching MainJson] WARN  o.e.m.c.i.embedder.EclipseLogger - Using platform encoding (Cp1252 actually) to copy filtered resources, i.e. build is platform dependent!
2023-01-16 15:33:27,977 [Worker-130: Launching MainJson] INFO  o.e.m.c.i.embedder.EclipseLogger - Copying 0 resource
2023-01-16 15:33:27,978 [Worker-130: Launching MainJson] WARN  o.e.m.c.i.embedder.EclipseLogger - Using platform encoding (Cp1252 actually) to copy filtered resources, i.e. build is platform dependent!
2023-01-16 15:33:27,979 [Worker-130: Launching MainJson] INFO  o.e.m.c.i.embedder.EclipseLogger - Copying 0 resource
2023-01-16 15:34:56,164 [Worker-128: Launching MainJson] WARN  o.e.m.c.i.embedder.EclipseLogger - Using platform encoding (Cp1252 actually) to copy filtered resources, i.e. build is platform dependent!
2023-01-16 15:34:56,165 [Worker-128: Launching MainJson] INFO  o.e.m.c.i.embedder.EclipseLogger - Copying 0 resource
2023-01-16 15:34:56,166 [Worker-128: Launching MainJson] WARN  o.e.m.c.i.embedder.EclipseLogger - Using platform encoding (Cp1252 actually) to copy filtered resources, i.e. build is platform dependent!
